<?xml version="1.0" encoding="UTF-8"?>
<testsuite name="WizardTD.SampleTest" tests="1" skipped="0" failures="0" errors="0" timestamp="2023-09-29T02:10:25" hostname="DESKTOP-KP2K8HQ" time="0.012">
  <properties/>
  <testcase name="simpleTest()" classname="WizardTD.SampleTest" time="0.012"/>
  <system-out><![CDATA[]]></system-out>
  <system-err><![CDATA[]]></system-err>
</testsuite>
